<?xml version="1.0" encoding="UTF-8" ?>
<testsuite failures="0" time="53.861" errors="0" skipped="0" tests="11" name="TestSuite">
  <properties>
    <property name="java.runtime.name" value="Java(TM) SE Runtime Environment"/>
    <property name="sun.boot.library.path" value="c:\Program Files\Java\jdk1.7.0_25\jre\bin"/>
    <property name="java.vm.version" value="23.25-b01"/>
    <property name="java.vm.vendor" value="Oracle Corporation"/>
    <property name="java.vendor.url" value="http://java.oracle.com/"/>
    <property name="path.separator" value=";"/>
    <property name="java.vm.name" value="Java HotSpot(TM) 64-Bit Server VM"/>
    <property name="file.encoding.pkg" value="sun.io"/>
    <property name="user.script" value=""/>
    <property name="user.country" value="US"/>
    <property name="sun.java.launcher" value="SUN_STANDARD"/>
    <property name="sun.os.patch.level" value="Service Pack 1"/>
    <property name="java.vm.specification.name" value="Java Virtual Machine Specification"/>
    <property name="user.dir" value="c:\Users\Cory\git\raw4j"/>
    <property name="java.runtime.version" value="1.7.0_25-b17"/>
    <property name="java.awt.graphicsenv" value="sun.awt.Win32GraphicsEnvironment"/>
    <property name="basedir" value="c:\Users\Cory\git\raw4j"/>
    <property name="java.endorsed.dirs" value="c:\Program Files\Java\jdk1.7.0_25\jre\lib\endorsed"/>
    <property name="os.arch" value="amd64"/>
    <property name="surefire.real.class.path" value="C:\Users\Cory\AppData\Local\Temp\surefirebooter9223011162695813220.jar"/>
    <property name="java.io.tmpdir" value="C:\Users\Cory\AppData\Local\Temp\"/>
    <property name="line.separator" value="
"/>
    <property name="java.vm.specification.vendor" value="Oracle Corporation"/>
    <property name="user.variant" value=""/>
    <property name="os.name" value="Windows 7"/>
    <property name="sun.jnu.encoding" value="Cp1252"/>
    <property name="java.library.path" value="c:\Program Files\Java\jdk1.7.0_25\jre\bin;C:\Windows\Sun\Java\bin;C:\Windows\system32;C:\Windows;c:\Users\Cory\bin;.;C:\Program Files (x86)\Git\local\bin;C:\Program Files (x86)\Git\mingw\bin;C:\Program Files (x86)\Git\bin;C:\Program Files (x86)\Git\bin;c:\Program Files\Common Files\Microsoft Shared\Windows Live;c:\Program Files (x86)\NVIDIA Corporation\PhysX\Common;c:\Windows\system32;c:\Windows;c:\Windows\System32\Wbem;c:\Windows\System32\WindowsPowerShell\v1.0\;c:\Program Files\Java\jdk1.7.0_25;c:\Program Files\apache-maven-3.0.5\bin;c:\Program Files\apache-ant-1.9.1\bin;c:\Program Files\Java\jdk1.7.0_25\bin;c:\Users\Cory\AppData\Local\Android\android-sdk\tools;c:\Program Files\gradle-1.11\bin;c:\Program Files\Common Files\Microsoft Shared\Windows Live;."/>
    <property name="surefire.test.class.path" value="c:\Users\Cory\git\raw4j\target\test-classes;c:\Users\Cory\git\raw4j\target\classes;C:\Users\Cory\.m2\repository\org\codehaus\jackson\jackson-mapper-asl\1.9.13\jackson-mapper-asl-1.9.13.jar;C:\Users\Cory\.m2\repository\org\codehaus\jackson\jackson-core-asl\1.9.13\jackson-core-asl-1.9.13.jar;C:\Users\Cory\.m2\repository\org\apache\commons\commons-lang3\3.1\commons-lang3-3.1.jar;C:\Users\Cory\.m2\repository\commons-io\commons-io\2.4\commons-io-2.4.jar;C:\Users\Cory\.m2\repository\org\apache\logging\log4j\log4j-api\2.0-beta9\log4j-api-2.0-beta9.jar;C:\Users\Cory\.m2\repository\org\apache\logging\log4j\log4j-core\2.0-beta9\log4j-core-2.0-beta9.jar;C:\Users\Cory\.m2\repository\junit\junit\4.9\junit-4.9.jar;C:\Users\Cory\.m2\repository\org\hamcrest\hamcrest-core\1.1\hamcrest-core-1.1.jar;C:\Users\Cory\.m2\repository\org\testng\testng\6.1.1\testng-6.1.1.jar;C:\Users\Cory\.m2\repository\org\beanshell\bsh\2.0b4\bsh-2.0b4.jar;C:\Users\Cory\.m2\repository\com\beust\jcommander\1.12\jcommander-1.12.jar;C:\Users\Cory\.m2\repository\org\yaml\snakeyaml\1.6\snakeyaml-1.6.jar;C:\Users\Cory\.m2\repository\com\google\inject\guice\3.0\guice-3.0.jar;C:\Users\Cory\.m2\repository\javax\inject\javax.inject\1\javax.inject-1.jar;C:\Users\Cory\.m2\repository\aopalliance\aopalliance\1.0\aopalliance-1.0.jar;C:\Users\Cory\.m2\repository\org\uncommons\reportng\1.1.2\reportng-1.1.2.jar;C:\Users\Cory\.m2\repository\velocity\velocity\1.4\velocity-1.4.jar;C:\Users\Cory\.m2\repository\velocity\velocity-dep\1.4\velocity-dep-1.4.jar;"/>
    <property name="java.specification.name" value="Java Platform API Specification"/>
    <property name="java.class.version" value="51.0"/>
    <property name="sun.management.compiler" value="HotSpot 64-Bit Tiered Compilers"/>
    <property name="os.version" value="6.1"/>
    <property name="user.home" value="C:\Users\Cory"/>
    <property name="user.timezone" value="America/New_York"/>
    <property name="java.awt.printerjob" value="sun.awt.windows.WPrinterJob"/>
    <property name="java.specification.version" value="1.7"/>
    <property name="file.encoding" value="Cp1252"/>
    <property name="user.name" value="Cory"/>
    <property name="java.class.path" value="c:\Users\Cory\git\raw4j\target\test-classes;c:\Users\Cory\git\raw4j\target\classes;C:\Users\Cory\.m2\repository\org\codehaus\jackson\jackson-mapper-asl\1.9.13\jackson-mapper-asl-1.9.13.jar;C:\Users\Cory\.m2\repository\org\codehaus\jackson\jackson-core-asl\1.9.13\jackson-core-asl-1.9.13.jar;C:\Users\Cory\.m2\repository\org\apache\commons\commons-lang3\3.1\commons-lang3-3.1.jar;C:\Users\Cory\.m2\repository\commons-io\commons-io\2.4\commons-io-2.4.jar;C:\Users\Cory\.m2\repository\org\apache\logging\log4j\log4j-api\2.0-beta9\log4j-api-2.0-beta9.jar;C:\Users\Cory\.m2\repository\org\apache\logging\log4j\log4j-core\2.0-beta9\log4j-core-2.0-beta9.jar;C:\Users\Cory\.m2\repository\junit\junit\4.9\junit-4.9.jar;C:\Users\Cory\.m2\repository\org\hamcrest\hamcrest-core\1.1\hamcrest-core-1.1.jar;C:\Users\Cory\.m2\repository\org\testng\testng\6.1.1\testng-6.1.1.jar;C:\Users\Cory\.m2\repository\org\beanshell\bsh\2.0b4\bsh-2.0b4.jar;C:\Users\Cory\.m2\repository\com\beust\jcommander\1.12\jcommander-1.12.jar;C:\Users\Cory\.m2\repository\org\yaml\snakeyaml\1.6\snakeyaml-1.6.jar;C:\Users\Cory\.m2\repository\com\google\inject\guice\3.0\guice-3.0.jar;C:\Users\Cory\.m2\repository\javax\inject\javax.inject\1\javax.inject-1.jar;C:\Users\Cory\.m2\repository\aopalliance\aopalliance\1.0\aopalliance-1.0.jar;C:\Users\Cory\.m2\repository\org\uncommons\reportng\1.1.2\reportng-1.1.2.jar;C:\Users\Cory\.m2\repository\velocity\velocity\1.4\velocity-1.4.jar;C:\Users\Cory\.m2\repository\velocity\velocity-dep\1.4\velocity-dep-1.4.jar;"/>
    <property name="java.vm.specification.version" value="1.7"/>
    <property name="sun.arch.data.model" value="64"/>
    <property name="java.home" value="c:\Program Files\Java\jdk1.7.0_25\jre"/>
    <property name="sun.java.command" value="C:\Users\Cory\AppData\Local\Temp\surefirebooter9223011162695813220.jar C:\Users\Cory\AppData\Local\Temp\surefire6817531942035865028tmp C:\Users\Cory\AppData\Local\Temp\surefire7453572111897253460tmp"/>
    <property name="java.specification.vendor" value="Oracle Corporation"/>
    <property name="user.language" value="en"/>
    <property name="awt.toolkit" value="sun.awt.windows.WToolkit"/>
    <property name="java.vm.info" value="mixed mode"/>
    <property name="java.version" value="1.7.0_25"/>
    <property name="java.ext.dirs" value="c:\Program Files\Java\jdk1.7.0_25\jre\lib\ext;C:\Windows\Sun\Java\lib\ext"/>
    <property name="sun.boot.class.path" value="c:\Program Files\Java\jdk1.7.0_25\jre\lib\resources.jar;c:\Program Files\Java\jdk1.7.0_25\jre\lib\rt.jar;c:\Program Files\Java\jdk1.7.0_25\jre\lib\sunrsasign.jar;c:\Program Files\Java\jdk1.7.0_25\jre\lib\jsse.jar;c:\Program Files\Java\jdk1.7.0_25\jre\lib\jce.jar;c:\Program Files\Java\jdk1.7.0_25\jre\lib\charsets.jar;c:\Program Files\Java\jdk1.7.0_25\jre\lib\jfr.jar;c:\Program Files\Java\jdk1.7.0_25\jre\classes"/>
    <property name="java.vendor" value="Oracle Corporation"/>
    <property name="localRepository" value="C:\Users\Cory\.m2\repository"/>
    <property name="file.separator" value="\"/>
    <property name="java.vendor.url.bug" value="http://bugreport.sun.com/bugreport/"/>
    <property name="sun.cpu.endian" value="little"/>
    <property name="sun.io.unicode.encoding" value="UnicodeLittle"/>
    <property name="sun.desktop" value="windows"/>
    <property name="sun.cpu.isalist" value="amd64"/>
  </properties>
  <testcase time="0.733" classname="com.cd.reddit.RedditTest" name="login"/>
  <testcase time="0.383" classname="com.cd.reddit.RedditTest" name="subredditsPopular"/>
  <testcase time="0.244" classname="com.cd.reddit.RedditTest" name="listingsFor"/>
  <testcase time="2.998" classname="com.cd.reddit.RedditTest" name="commentsForAndMore"/>
  <testcase time="4.572" classname="com.cd.reddit.RedditTest" name="commentAndDelete"/>
  <testcase time="0.045" classname="com.cd.reddit.RedditTest" name="testMarkNSFW"/>
  <testcase time="0.068" classname="com.cd.reddit.RedditTest" name="testMeJson"/>
  <testcase time="0.059" classname="com.cd.reddit.RedditTest" name="testUnmarkNSFW"/>
  <testcase time="0.054" classname="com.cd.reddit.RedditTest" name="testUserInfoFor"/>
  <testcase time="0.106" classname="com.cd.reddit.RedditTest" name="vote"/>
  <testcase time="0.029" classname="com.cd.reddit.RedditTest" name="newCaptcha"/>
</testsuite>