<?xml version="1.0" encoding="UTF-8"?>
<!-- Generated by org.testng.reporters.JUnitReportReporter -->
<testsuite hostname="Cory-SSD-PC" name="com.cd.reddit.RedditTest" tests="6" failures="0" timestamp="12 Oct 2013 13:14:35 GMT" time="132.272" errors="0">
  <testcase name="subredditsPopular" time="18.553" classname="com.cd.reddit.RedditTest"/>
  <testcase name="commentAndDelete" time="66.116" classname="com.cd.reddit.RedditTest"/>
  <testcase name="testMeJson" time="5.028" classname="com.cd.reddit.RedditTest"/>
  <testcase name="login" time="13.722" classname="com.cd.reddit.RedditTest"/>
  <testcase name="listingsFor" time="9.641" classname="com.cd.reddit.RedditTest"/>
  <testcase name="commentsForAndMore" time="19.212" classname="com.cd.reddit.RedditTest"/>
</testsuite> <!-- com.cd.reddit.RedditTest -->
